app/build/intermediates/manifest_merge_blame_file/release/processReleaseMainManifest/manifest-merger-blame-release-report.txt
1<?xml version="1.0" encoding="utf-8"?>
2<manifest xmlns:android="http://schemas.android.com/apk/res/android"
3    package="app.greywebs.vpn"
4    android:versionCode="278"
5    android:versionName="3.0.8" >
6
7    <uses-sdk
8        android:minSdkVersion="24"
9        android:targetSdkVersion="35" />
10
11    <uses-permission android:name="android.permission.INTERNET" />
11-->src\main\AndroidManifest.xml:6:5-67
11-->src\main\AndroidManifest.xml:6:22-64
12    <uses-permission android:name="com.android.vending.BILLING" />
12-->src\main\AndroidManifest.xml:7:5-67
12-->src\main\AndroidManifest.xml:7:22-64
13    <uses-permission android:name="android.permission.ACCESS_NETWORK_STATE" />
13-->src\main\AndroidManifest.xml:8:5-79
13-->src\main\AndroidManifest.xml:8:22-76
14    <uses-permission android:name="android.permission.FOREGROUND_SERVICE" />
14-->src\main\AndroidManifest.xml:9:5-77
14-->src\main\AndroidManifest.xml:9:22-74
15    <uses-permission android:name="android.permission.FOREGROUND_SERVICE_SYSTEM_EXEMPTED" />
15-->src\main\AndroidManifest.xml:10:5-93
15-->src\main\AndroidManifest.xml:10:22-90
16    <uses-permission android:name="android.permission.FOREGROUND_SERVICE_SPECIAL_USE" />
16-->src\main\AndroidManifest.xml:11:5-89
16-->src\main\AndroidManifest.xml:11:22-86
17    <uses-permission android:name="android.permission.READ_EXTERNAL_STORAGE" />
17-->src\main\AndroidManifest.xml:12:5-80
17-->src\main\AndroidManifest.xml:12:22-77
18    <uses-permission android:name="android.permission.REQUEST_IGNORE_BATTERY_OPTIMIZATIONS" />
18-->src\main\AndroidManifest.xml:13:5-95
18-->src\main\AndroidManifest.xml:13:22-92
19    <uses-permission android:name="android.permission.POST_NOTIFICATIONS" />
19-->src\main\AndroidManifest.xml:14:5-77
19-->src\main\AndroidManifest.xml:14:22-74
20    <uses-permission
20-->src\main\AndroidManifest.xml:15:5-106
21        android:name="android.permission.SCHEDULE_EXACT_ALARM"
21-->src\main\AndroidManifest.xml:15:22-76
22        android:maxSdkVersion="32" />
22-->src\main\AndroidManifest.xml:15:77-103
23
24    <queries>
24-->src\main\AndroidManifest.xml:239:5-254:15
25        <intent>
25-->src\main\AndroidManifest.xml:240:9-243:18
26            <action android:name="android.intent.action.VIEW" />
26-->src\main\AndroidManifest.xml:122:17-69
26-->src\main\AndroidManifest.xml:122:25-66
27
28            <data android:scheme="tg" />
28-->src\main\AndroidManifest.xml:127:17-47
28-->src\main\AndroidManifest.xml:127:23-44
29        </intent>
30        <!--
31             Split Tunneling: enumerate user-visible (launchable) applications so the
32             user can choose which of them bypass the VPN tunnel. Scoped <queries>
33             declaration keeps us compliant with Google Play package-visibility
34             policy without requesting the broad QUERY_ALL_PACKAGES permission.
35        -->
36        <intent>
36-->src\main\AndroidManifest.xml:250:9-253:18
37            <action android:name="android.intent.action.MAIN" />
37-->src\main\AndroidManifest.xml:35:17-69
37-->src\main\AndroidManifest.xml:35:25-66
38
39            <category android:name="android.intent.category.LAUNCHER" />
39-->src\main\AndroidManifest.xml:36:17-77
39-->src\main\AndroidManifest.xml:36:27-74
40        </intent>
41        <intent>
41-->[com.unity3d.ads:unity-ads:4.18.1] AndroidManifest.xml:9:9-11:18
42            <action android:name="com.attribution.REFERRAL_PROVIDER" />
42-->[com.unity3d.ads:unity-ads:4.18.1] AndroidManifest.xml:10:13-72
42-->[com.unity3d.ads:unity-ads:4.18.1] AndroidManifest.xml:10:21-69
43        </intent>
44        <intent>
44-->[com.inmobi.monetization:inmobi-ads-kotlin:11.3.0] AndroidManifest.xml:14:9-16:18
45            <action android:name="androidx.browser.customtabs.CustomTabsService" />
45-->[com.inmobi.monetization:inmobi-ads-kotlin:11.3.0] AndroidManifest.xml:15:13-84
45-->[com.inmobi.monetization:inmobi-ads-kotlin:11.3.0] AndroidManifest.xml:15:21-81
46        </intent>
47        <intent>
47-->[com.inmobi.monetization:inmobi-ads-kotlin:11.3.0] AndroidManifest.xml:17:9-23:18
48            <action android:name="android.intent.action.VIEW" />
48-->src\main\AndroidManifest.xml:122:17-69
48-->src\main\AndroidManifest.xml:122:25-66
49
50            <category android:name="android.intent.category.BROWSABLE" />
50-->src\main\AndroidManifest.xml:125:17-78
50-->src\main\AndroidManifest.xml:125:27-75
51
52            <data android:scheme="https" />
52-->src\main\AndroidManifest.xml:127:17-47
52-->src\main\AndroidManifest.xml:127:23-44
53        </intent>
54        <intent>
54-->[com.inmobi.monetization:inmobi-ads-kotlin:11.3.0] AndroidManifest.xml:24:9-30:18
55            <action android:name="android.intent.action.VIEW" />
55-->src\main\AndroidManifest.xml:122:17-69
55-->src\main\AndroidManifest.xml:122:25-66
56
57            <category android:name="android.intent.category.BROWSABLE" />
57-->src\main\AndroidManifest.xml:125:17-78
57-->src\main\AndroidManifest.xml:125:27-75
58
59            <data android:scheme="http" />
59-->src\main\AndroidManifest.xml:127:17-47
59-->src\main\AndroidManifest.xml:127:23-44
60        </intent>
61        <intent>
61-->[com.inmobi.monetization:inmobi-ads-kotlin:11.3.0] AndroidManifest.xml:31:9-35:18
62            <action android:name="android.intent.action.VIEW" />
62-->src\main\AndroidManifest.xml:122:17-69
62-->src\main\AndroidManifest.xml:122:25-66
63
64            <data android:scheme="market" />
64-->src\main\AndroidManifest.xml:127:17-47
64-->src\main\AndroidManifest.xml:127:23-44
65        </intent> <!-- End of browser content -->
66        <!-- For CustomTabsService -->
67        <intent>
67-->[com.google.android.gms:play-services-ads-api:25.4.0] AndroidManifest.xml:47:9-49:18
68            <action android:name="android.support.customtabs.action.CustomTabsService" />
68-->[com.google.android.gms:play-services-ads-api:25.4.0] AndroidManifest.xml:48:13-90
68-->[com.google.android.gms:play-services-ads-api:25.4.0] AndroidManifest.xml:48:21-87
69        </intent> <!-- End of CustomTabsService -->
70        <!-- For MRAID capabilities -->
71        <intent>
71-->[com.google.android.gms:play-services-ads-api:25.4.0] AndroidManifest.xml:52:9-56:18
72            <action android:name="android.intent.action.INSERT" />
72-->[com.google.android.gms:play-services-ads-api:25.4.0] AndroidManifest.xml:53:13-67
72-->[com.google.android.gms:play-services-ads-api:25.4.0] AndroidManifest.xml:53:21-64
73
74            <data android:mimeType="vnd.android.cursor.dir/event" />
74-->src\main\AndroidManifest.xml:127:17-47
74-->src\main\AndroidManifest.xml:131:23-76
75        </intent>
76        <intent>
76-->[com.google.android.gms:play-services-ads-api:25.4.0] AndroidManifest.xml:57:9-61:18
77            <action android:name="android.intent.action.VIEW" />
77-->src\main\AndroidManifest.xml:122:17-69
77-->src\main\AndroidManifest.xml:122:25-66
78
79            <data android:scheme="sms" />
79-->src\main\AndroidManifest.xml:127:17-47
79-->src\main\AndroidManifest.xml:127:23-44
80        </intent>
81        <intent>
81-->[com.google.android.gms:play-services-ads-api:25.4.0] AndroidManifest.xml:62:9-66:18
82            <action android:name="android.intent.action.DIAL" />
82-->[com.google.android.gms:play-services-ads-api:25.4.0] AndroidManifest.xml:63:13-65
82-->[com.google.android.gms:play-services-ads-api:25.4.0] AndroidManifest.xml:63:21-62
83
84            <data android:path="tel:" />
84-->src\main\AndroidManifest.xml:127:17-47
85        </intent>
86
87        <package android:name="com.android.vending" />
87-->[com.google.android.play:hsdp:2.0.1] AndroidManifest.xml:8:9-55
87-->[com.google.android.play:hsdp:2.0.1] AndroidManifest.xml:8:18-52
88
89        <intent>
89-->[com.android.billingclient:billing:6.2.0] AndroidManifest.xml:13:9-15:18
90            <action android:name="com.android.vending.billing.InAppBillingService.BIND" />
90-->[com.android.billingclient:billing:6.2.0] AndroidManifest.xml:14:13-91
90-->[com.android.billingclient:billing:6.2.0] AndroidManifest.xml:14:21-88
91        </intent>
92        <intent>
92-->[io.appmetrica.analytics:analytics:8.3.0] AndroidManifest.xml:13:9-15:18
93            <action android:name="ru.vk.store.sdk.install.referrer.InstallReferrerProvider" />
93-->[io.appmetrica.analytics:analytics:8.3.0] AndroidManifest.xml:14:13-95
93-->[io.appmetrica.analytics:analytics:8.3.0] AndroidManifest.xml:14:21-92
94        </intent>
95
96        <package android:name="com.facebook.katana" />
96-->[com.facebook.android:audience-network-sdk:6.21.0] AndroidManifest.xml:12:9-55
96-->[com.facebook.android:audience-network-sdk:6.21.0] AndroidManifest.xml:12:18-52
97
98        <intent>
98-->[com.bigossp:bigo-ads-spec:5.10.0] AndroidManifest.xml:8:9-10:18
99            <action android:name="android.intent.action.MAIN" />
99-->src\main\AndroidManifest.xml:35:17-69
99-->src\main\AndroidManifest.xml:35:25-66
100        </intent>
101        <intent>
101-->[com.mbridge.msdk.oversea:mbridge_android_sdk:17.1.61] AndroidManifest.xml:15:9-17:18
102            <action android:name="android.intent.action.VIEW" />
102-->src\main\AndroidManifest.xml:122:17-69
102-->src\main\AndroidManifest.xml:122:25-66
103        </intent>
104    </queries>
105
106    <uses-permission android:name="android.permission.RECEIVE_BOOT_COMPLETED" />
106-->[:vyom-tun-sdk] AndroidManifest.xml:10:5-81
106-->[:vyom-tun-sdk] AndroidManifest.xml:10:22-78
107    <uses-permission android:name="android.permission.WAKE_LOCK" /> <!-- Required by older versions of Google Play services to create IID tokens -->
107-->[:gw-tunnel] AndroidManifest.xml:13:5-68
107-->[:gw-tunnel] AndroidManifest.xml:13:22-65
108    <uses-permission android:name="com.google.android.c2dm.permission.RECEIVE" />
108-->[com.google.firebase:firebase-messaging:23.4.1] AndroidManifest.xml:26:5-82
108-->[com.google.firebase:firebase-messaging:23.4.1] AndroidManifest.xml:26:22-79
109    <uses-permission android:name="com.google.android.gms.permission.AD_ID" />
109-->[com.unity3d.ads:unity-ads:4.18.1] AndroidManifest.xml:16:5-79
109-->[com.unity3d.ads:unity-ads:4.18.1] AndroidManifest.xml:16:22-76
110    <uses-permission android:name="android.permission.ACCESS_ADSERVICES_TOPICS" />
110-->[com.unity3d.ads:unity-ads:4.18.1] AndroidManifest.xml:17:5-83
110-->[com.unity3d.ads:unity-ads:4.18.1] AndroidManifest.xml:17:22-80
111    <uses-permission android:name="android.permission.ACCESS_ADSERVICES_ATTRIBUTION" />
111-->[com.unity3d.ads:unity-ads:4.18.1] AndroidManifest.xml:18:5-88
111-->[com.unity3d.ads:unity-ads:4.18.1] AndroidManifest.xml:18:22-85
112    <uses-permission android:name="com.amazon.privacypass.ATTEST" />
112-->[com.vungle:vungle-ads:7.7.4] AndroidManifest.xml:14:5-69
112-->[com.vungle:vungle-ads:7.7.4] AndroidManifest.xml:14:22-66
113    <uses-permission android:name="android.permission.ACCESS_ADSERVICES_AD_ID" />
113-->[com.google.android.gms:play-services-ads-api:25.4.0] AndroidManifest.xml:27:5-82
113-->[com.google.android.gms:play-services-ads-api:25.4.0] AndroidManifest.xml:27:22-79
114    <uses-permission android:name="android.permission.ACCESS_WIFI_STATE" />
114-->[com.cleveradssolutions:cas-sdk:4.8.0-beta1] AndroidManifest.xml:9:5-76
114-->[com.cleveradssolutions:cas-sdk:4.8.0-beta1] AndroidManifest.xml:9:22-73
115    <uses-permission android:name="com.google.android.finsky.permission.BIND_GET_INSTALL_REFERRER_SERVICE" />
115-->[com.google.android.gms:play-services-measurement:21.5.1] AndroidManifest.xml:26:5-110
115-->[com.google.android.gms:play-services-measurement:21.5.1] AndroidManifest.xml:26:22-107
116
117    <permission
117-->[androidx.core:core:1.13.1] AndroidManifest.xml:22:5-24:47
118        android:name="app.greywebs.vpn.DYNAMIC_RECEIVER_NOT_EXPORTED_PERMISSION"
118-->[androidx.core:core:1.13.1] AndroidManifest.xml:23:9-81
119        android:protectionLevel="signature" />
119-->[androidx.core:core:1.13.1] AndroidManifest.xml:24:9-44
120
121    <uses-permission android:name="app.greywebs.vpn.DYNAMIC_RECEIVER_NOT_EXPORTED_PERMISSION" />
121-->[androidx.core:core:1.13.1] AndroidManifest.xml:26:5-97
121-->[androidx.core:core:1.13.1] AndroidManifest.xml:26:22-94
122
123    <application
123-->src\main\AndroidManifest.xml:18:5-237:19
124        android:name="com.witvpn.ikev2.presentation.MyApp"
124-->src\main\AndroidManifest.xml:19:9-43
125        android:allowBackup="true"
125-->src\main\AndroidManifest.xml:21:9-35
126        android:appComponentFactory="androidx.core.app.CoreComponentFactory"
126-->[androidx.core:core:1.13.1] AndroidManifest.xml:28:18-86
127        android:extractNativeLibs="true"
127-->src\main\AndroidManifest.xml:24:9-41
128        android:hardwareAccelerated="true"
128-->[com.ysocorp:ysonetwork:1.3.7] AndroidManifest.xml:10:18-52
129        android:icon="@mipmap/ic_launcher"
129-->src\main\AndroidManifest.xml:22:9-43
130        android:label="@string/app_name"
130-->src\main\AndroidManifest.xml:25:9-41
131        android:roundIcon="@mipmap/ic_launcher_round"
131-->src\main\AndroidManifest.xml:26:9-54
132        android:supportsRtl="true"
132-->src\main\AndroidManifest.xml:27:9-35
133        android:theme="@style/AppTheme.NoActionBar"
133-->src\main\AndroidManifest.xml:28:9-52
134        android:usesCleartextTraffic="true" >
134-->src\main\AndroidManifest.xml:23:9-44
135        <activity
135-->src\main\AndroidManifest.xml:29:9-38:20
136            android:name="com.witvpn.ikev2.presentation.ui.MainActivity"
136-->src\main\AndroidManifest.xml:30:13-57
137            android:exported="true"
137-->src\main\AndroidManifest.xml:32:13-36
138            android:screenOrientation="portrait"
138-->src\main\AndroidManifest.xml:31:13-49
139            android:windowSoftInputMode="adjustResize" >
139-->src\main\AndroidManifest.xml:33:13-55
140            <intent-filter>
140-->src\main\AndroidManifest.xml:34:13-37:29
141                <action android:name="android.intent.action.MAIN" />
141-->src\main\AndroidManifest.xml:35:17-69
141-->src\main\AndroidManifest.xml:35:25-66
142
143                <category android:name="android.intent.category.LAUNCHER" />
143-->src\main\AndroidManifest.xml:36:17-77
143-->src\main\AndroidManifest.xml:36:27-74
144            </intent-filter>
145        </activity>
146
147        <!-- <activity -->
148        <!-- android:name=".presentation.ui.LogViewerActivity" -->
149        <!-- android:label="Logs" -->
150        <!-- android:theme="@style/AppTheme.NoActionBar" /> -->
151
152
153        <!--
154             The AdMob application ID is injected by the CAS Gradle plugin, which reads it from
155             the CAS dashboard. Declaring it here would conflict with that.
156        -->
157
158        <activity
158-->src\main\AndroidManifest.xml:50:9-63:20
159            android:name="org.strongswan.android.ui.MainIKEV2Activity"
159-->src\main\AndroidManifest.xml:51:13-71
160            android:exported="true"
160-->src\main\AndroidManifest.xml:52:13-36
161            android:label="@string/main_activity_name"
161-->src\main\AndroidManifest.xml:53:13-55
162            android:launchMode="singleTop"
162-->src\main\AndroidManifest.xml:54:13-43
163            android:theme="@style/ApplicationTheme" >
163-->src\main\AndroidManifest.xml:55:13-52
164
165            <!-- <intent-filter> -->
166            <!-- <action android:name="android.intent.action.MAIN" /> -->
167            <!-- <category android:name="android.intent.category.LAUNCHER" /> -->
168            <!-- </intent-filter> -->
169            <intent-filter>
169-->src\main\AndroidManifest.xml:60:13-62:29
170                <action android:name="android.service.quicksettings.action.QS_TILE_PREFERENCES" />
170-->src\main\AndroidManifest.xml:61:17-99
170-->src\main\AndroidManifest.xml:61:25-96
171            </intent-filter>
172        </activity>
173        <activity
173-->src\main\AndroidManifest.xml:64:9-79:20
174            android:name="org.strongswan.android.ui.VpnProfileControlActivity"
174-->src\main\AndroidManifest.xml:65:13-79
175            android:excludeFromRecents="true"
175-->src\main\AndroidManifest.xml:67:13-46
176            android:exported="true"
176-->src\main\AndroidManifest.xml:66:13-36
177            android:launchMode="singleTask"
177-->src\main\AndroidManifest.xml:68:13-44
178            android:taskAffinity=""
178-->src\main\AndroidManifest.xml:69:13-36
179            android:theme="@style/TransparentActivity" >
179-->src\main\AndroidManifest.xml:70:13-55
180            <intent-filter>
180-->src\main\AndroidManifest.xml:71:13-74:29
181                <action android:name="org.strongswan.android.action.START_PROFILE" />
181-->src\main\AndroidManifest.xml:72:17-86
181-->src\main\AndroidManifest.xml:72:25-83
182
183                <category android:name="android.intent.category.DEFAULT" />
183-->src\main\AndroidManifest.xml:73:17-76
183-->src\main\AndroidManifest.xml:73:27-73
184            </intent-filter>
185            <intent-filter>
185-->src\main\AndroidManifest.xml:75:13-78:29
186                <action android:name="org.strongswan.android.action.DISCONNECT" />
186-->src\main\AndroidManifest.xml:76:17-83
186-->src\main\AndroidManifest.xml:76:25-80
187
188                <category android:name="android.intent.category.DEFAULT" />
188-->src\main\AndroidManifest.xml:73:17-76
188-->src\main\AndroidManifest.xml:73:27-73
189            </intent-filter>
190        </activity>
191        <activity
191-->src\main\AndroidManifest.xml:80:9-82:55
192            android:name="org.strongswan.android.ui.VpnProfileDetailActivity"
192-->src\main\AndroidManifest.xml:81:13-78
193            android:theme="@style/ApplicationTheme" />
193-->src\main\AndroidManifest.xml:82:13-52
194        <activity
194-->src\main\AndroidManifest.xml:83:9-86:55
195            android:name="org.strongswan.android.ui.TrustedCertificatesActivity"
195-->src\main\AndroidManifest.xml:84:13-81
196            android:label="@string/trusted_certs_title"
196-->src\main\AndroidManifest.xml:85:13-56
197            android:theme="@style/ApplicationTheme" />
197-->src\main\AndroidManifest.xml:86:13-52
198        <activity
198-->src\main\AndroidManifest.xml:87:9-90:55
199            android:name="org.strongswan.android.ui.SelectedApplicationsActivity"
199-->src\main\AndroidManifest.xml:88:13-82
200            android:label="@string/profile_select_apps"
200-->src\main\AndroidManifest.xml:89:13-56
201            android:theme="@style/ApplicationTheme" />
201-->src\main\AndroidManifest.xml:90:13-52
202        <activity
202-->src\main\AndroidManifest.xml:91:9-94:55
203            android:name="org.strongswan.android.ui.LogActivity"
203-->src\main\AndroidManifest.xml:92:13-65
204            android:label="@string/log_title"
204-->src\main\AndroidManifest.xml:93:13-46
205            android:theme="@style/ApplicationTheme" />
205-->src\main\AndroidManifest.xml:94:13-52
206        <activity
206-->src\main\AndroidManifest.xml:95:9-98:55
207            android:name="org.strongswan.android.ui.SettingsActivity"
207-->src\main\AndroidManifest.xml:96:13-70
208            android:label="@string/pref_title"
208-->src\main\AndroidManifest.xml:97:13-47
209            android:theme="@style/ApplicationTheme" />
209-->src\main\AndroidManifest.xml:98:13-52
210        <activity
210-->src\main\AndroidManifest.xml:99:9-102:55
211            android:name="org.strongswan.android.ui.RemediationInstructionsActivity"
211-->src\main\AndroidManifest.xml:100:13-85
212            android:label="@string/remediation_instructions_title"
212-->src\main\AndroidManifest.xml:101:13-67
213            android:theme="@style/ApplicationTheme" />
213-->src\main\AndroidManifest.xml:102:13-52
214        <activity
214-->src\main\AndroidManifest.xml:103:9-113:20
215            android:name="org.strongswan.android.ui.VpnProfileSelectActivity"
215-->src\main\AndroidManifest.xml:104:13-78
216            android:exported="true"
216-->src\main\AndroidManifest.xml:105:13-36
217            android:icon="@mipmap/ic_launcher"
217-->src\main\AndroidManifest.xml:106:13-47
218            android:label="@string/strongswan_shortcut"
218-->src\main\AndroidManifest.xml:107:13-56
219            android:theme="@style/ApplicationTheme" >
219-->src\main\AndroidManifest.xml:108:13-52
220            <intent-filter>
220-->src\main\AndroidManifest.xml:109:13-112:29
221                <action android:name="android.intent.action.CREATE_SHORTCUT" />
221-->src\main\AndroidManifest.xml:110:17-80
221-->src\main\AndroidManifest.xml:110:25-77
222
223                <category android:name="android.intent.category.DEFAULT" />
223-->src\main\AndroidManifest.xml:73:17-76
223-->src\main\AndroidManifest.xml:73:27-73
224            </intent-filter>
225        </activity>
226        <activity
226-->src\main\AndroidManifest.xml:114:9-168:20
227            android:name="org.strongswan.android.ui.VpnProfileImportActivity"
227-->src\main\AndroidManifest.xml:115:13-78
228            android:excludeFromRecents="true"
228-->src\main\AndroidManifest.xml:117:13-46
229            android:exported="true"
229-->src\main\AndroidManifest.xml:116:13-36
230            android:label="@string/profile_import"
230-->src\main\AndroidManifest.xml:118:13-51
231            android:taskAffinity=""
231-->src\main\AndroidManifest.xml:119:13-36
232            android:theme="@style/ApplicationTheme" >
232-->src\main\AndroidManifest.xml:120:13-52
233            <intent-filter>
233-->src\main\AndroidManifest.xml:121:13-132:29
234                <action android:name="android.intent.action.VIEW" />
234-->src\main\AndroidManifest.xml:122:17-69
234-->src\main\AndroidManifest.xml:122:25-66
235
236                <category android:name="android.intent.category.DEFAULT" />
236-->src\main\AndroidManifest.xml:73:17-76
236-->src\main\AndroidManifest.xml:73:27-73
237                <category android:name="android.intent.category.BROWSABLE" />
237-->src\main\AndroidManifest.xml:125:17-78
237-->src\main\AndroidManifest.xml:125:27-75
238
239                <data android:scheme="http" />
239-->src\main\AndroidManifest.xml:127:17-47
239-->src\main\AndroidManifest.xml:127:23-44
240                <data android:scheme="https" />
240-->src\main\AndroidManifest.xml:127:17-47
240-->src\main\AndroidManifest.xml:127:23-44
241                <data android:scheme="file" />
241-->src\main\AndroidManifest.xml:127:17-47
241-->src\main\AndroidManifest.xml:127:23-44
242                <data android:scheme="content" />
242-->src\main\AndroidManifest.xml:127:17-47
242-->src\main\AndroidManifest.xml:127:23-44
243                <data android:mimeType="application/vnd.strongswan.profile" />
243-->src\main\AndroidManifest.xml:127:17-47
243-->src\main\AndroidManifest.xml:131:23-76
244            </intent-filter>
245            <!-- this matches by file extension if no MIME type is provided -->
246            <intent-filter>
246-->src\main\AndroidManifest.xml:134:13-149:29
247                <action android:name="android.intent.action.VIEW" />
247-->src\main\AndroidManifest.xml:122:17-69
247-->src\main\AndroidManifest.xml:122:25-66
248
249                <category android:name="android.intent.category.DEFAULT" />
249-->src\main\AndroidManifest.xml:73:17-76
249-->src\main\AndroidManifest.xml:73:27-73
250                <category android:name="android.intent.category.BROWSABLE" />
250-->src\main\AndroidManifest.xml:125:17-78
250-->src\main\AndroidManifest.xml:125:27-75
251
252                <data android:scheme="http" />
252-->src\main\AndroidManifest.xml:127:17-47
252-->src\main\AndroidManifest.xml:127:23-44
253                <data android:scheme="https" />
253-->src\main\AndroidManifest.xml:127:17-47
253-->src\main\AndroidManifest.xml:127:23-44
254                <data android:scheme="file" />
254-->src\main\AndroidManifest.xml:127:17-47
254-->src\main\AndroidManifest.xml:127:23-44
255                <data android:scheme="content" />
255-->src\main\AndroidManifest.xml:127:17-47
255-->src\main\AndroidManifest.xml:127:23-44
256                <data android:host="*" />
256-->src\main\AndroidManifest.xml:127:17-47
256-->src\main\AndroidManifest.xml:144:23-39
257                <data android:pathPattern=".*\\..*\\..*\\..*\\.sswan" />
257-->src\main\AndroidManifest.xml:127:17-47
257-->src\main\AndroidManifest.xml:145:23-70
258                <data android:pathPattern=".*\\..*\\..*\\.sswan" />
258-->src\main\AndroidManifest.xml:127:17-47
258-->src\main\AndroidManifest.xml:145:23-70
259                <data android:pathPattern=".*\\..*\\.sswan" />
259-->src\main\AndroidManifest.xml:127:17-47
259-->src\main\AndroidManifest.xml:145:23-70
260                <data android:pathPattern=".*\\.sswan" />
260-->src\main\AndroidManifest.xml:127:17-47
260-->src\main\AndroidManifest.xml:145:23-70
261            </intent-filter>
262            <!-- this matches by file extension if any MIME type (but not ours) is provided -->
263            <intent-filter>
263-->src\main\AndroidManifest.xml:151:13-167:29
264                <action android:name="android.intent.action.VIEW" />
264-->src\main\AndroidManifest.xml:122:17-69
264-->src\main\AndroidManifest.xml:122:25-66
265
266                <category android:name="android.intent.category.DEFAULT" />
266-->src\main\AndroidManifest.xml:73:17-76
266-->src\main\AndroidManifest.xml:73:27-73
267                <category android:name="android.intent.category.BROWSABLE" />
267-->src\main\AndroidManifest.xml:125:17-78
267-->src\main\AndroidManifest.xml:125:27-75
268
269                <data android:scheme="http" />
269-->src\main\AndroidManifest.xml:127:17-47
269-->src\main\AndroidManifest.xml:127:23-44
270                <data android:scheme="https" />
270-->src\main\AndroidManifest.xml:127:17-47
270-->src\main\AndroidManifest.xml:127:23-44
271                <data android:scheme="file" />
271-->src\main\AndroidManifest.xml:127:17-47
271-->src\main\AndroidManifest.xml:127:23-44
272                <data android:scheme="content" />
272-->src\main\AndroidManifest.xml:127:17-47
272-->src\main\AndroidManifest.xml:127:23-44
273                <data android:host="*" />
273-->src\main\AndroidManifest.xml:127:17-47
273-->src\main\AndroidManifest.xml:144:23-39
274                <data android:mimeType="*/*" />
274-->src\main\AndroidManifest.xml:127:17-47
274-->src\main\AndroidManifest.xml:131:23-76
275                <data android:pathPattern=".*\\..*\\..*\\..*\\.sswan" />
275-->src\main\AndroidManifest.xml:127:17-47
275-->src\main\AndroidManifest.xml:145:23-70
276                <data android:pathPattern=".*\\..*\\..*\\.sswan" />
276-->src\main\AndroidManifest.xml:127:17-47
276-->src\main\AndroidManifest.xml:145:23-70
277                <data android:pathPattern=".*\\..*\\.sswan" />
277-->src\main\AndroidManifest.xml:127:17-47
277-->src\main\AndroidManifest.xml:145:23-70
278                <data android:pathPattern=".*\\.sswan" />
278-->src\main\AndroidManifest.xml:127:17-47
278-->src\main\AndroidManifest.xml:145:23-70
279            </intent-filter>
280        </activity>
281        <activity
281-->src\main\AndroidManifest.xml:170:9-184:20
282            android:name="org.strongswan.android.ui.TrustedCertificateImportActivity"
282-->src\main\AndroidManifest.xml:171:13-86
283            android:exported="true"
283-->src\main\AndroidManifest.xml:172:13-36
284            android:label="@string/import_certificate"
284-->src\main\AndroidManifest.xml:173:13-55
285            android:theme="@style/TransparentActivity" >
285-->src\main\AndroidManifest.xml:174:13-55
286            <intent-filter>
286-->src\main\AndroidManifest.xml:175:13-183:29
287                <action android:name="android.intent.action.VIEW" />
287-->src\main\AndroidManifest.xml:122:17-69
287-->src\main\AndroidManifest.xml:122:25-66
288
289                <category android:name="android.intent.category.DEFAULT" />
289-->src\main\AndroidManifest.xml:73:17-76
289-->src\main\AndroidManifest.xml:73:27-73
290
291                <data android:mimeType="application/x-x509-ca-cert" />
291-->src\main\AndroidManifest.xml:127:17-47
291-->src\main\AndroidManifest.xml:131:23-76
292                <data android:mimeType="application/x-x509-server-cert" />
292-->src\main\AndroidManifest.xml:127:17-47
292-->src\main\AndroidManifest.xml:131:23-76
293                <data android:mimeType="application/x-pem-file" />
293-->src\main\AndroidManifest.xml:127:17-47
293-->src\main\AndroidManifest.xml:131:23-76
294                <data android:mimeType="application/pkix-cert" />
294-->src\main\AndroidManifest.xml:127:17-47
294-->src\main\AndroidManifest.xml:131:23-76
295            </intent-filter>
296        </activity>
297
298        <service
298-->src\main\AndroidManifest.xml:186:9-191:15
299            android:name="org.strongswan.android.logic.VpnStateService"
299-->src\main\AndroidManifest.xml:187:13-72
300            android:exported="true"
300-->src\main\AndroidManifest.xml:190:13-36
301            android:foregroundServiceType="systemExempted" />
301-->src\main\AndroidManifest.xml:188:13-59
302        <service
302-->src\main\AndroidManifest.xml:192:9-202:19
303            android:name="org.strongswan.android.logic.CharonVpnService"
303-->src\main\AndroidManifest.xml:193:13-73
304            android:exported="true"
304-->src\main\AndroidManifest.xml:194:13-36
305            android:foregroundServiceType="systemExempted"
305-->src\main\AndroidManifest.xml:195:13-59
306            android:permission="android.permission.BIND_VPN_SERVICE" >
306-->src\main\AndroidManifest.xml:196:13-69
307            <intent-filter>
307-->src\main\AndroidManifest.xml:199:13-201:29
308                <action android:name="android.net.VpnService" />
308-->src\main\AndroidManifest.xml:200:17-65
308-->src\main\AndroidManifest.xml:200:25-62
309            </intent-filter>
310        </service>
311        <service
311-->src\main\AndroidManifest.xml:203:9-212:19
312            android:name="org.strongswan.android.ui.VpnTileService"
312-->src\main\AndroidManifest.xml:204:13-68